Pig Stack Trace
---------------
ERROR 1131: Could not find schema file for /examples/categories.json

Failed to parse: Can not retrieve schema from loader org.apache.pig.builtin.JsonLoader@571a01f9
	at org.apache.pig.parser.QueryParserDriver.parse(QueryParserDriver.java:201)
	at org.apache.pig.PigServer$Graph.validateQuery(PigServer.java:1791)
	at org.apache.pig.PigServer$Graph.registerQuery(PigServer.java:1764)
	at org.apache.pig.PigServer.registerQuery(PigServer.java:707)
	at org.apache.pig.tools.grunt.GruntParser.processPig(GruntParser.java:1075)
	at org.apache.pig.tools.pigscript.parser.PigScriptParser.parse(PigScriptParser.java:505)
	at org.apache.pig.tools.grunt.GruntParser.parseStopOnError(GruntParser.java:231)
	at org.apache.pig.tools.grunt.GruntParser.parseStopOnError(GruntParser.java:206)
	at org.apache.pig.tools.grunt.Grunt.run(Grunt.java:66)
	at org.apache.pig.Main.run(Main.java:564)
	at org.apache.pig.Main.main(Main.java:176)
	at sun.reflect.NativeMethodAccessorImpl.invoke0(Native Method)
	at sun.reflect.NativeMethodAccessorImpl.invoke(NativeMethodAccessorImpl.java:62)
	at sun.reflect.DelegatingMethodAccessorImpl.invoke(DelegatingMethodAccessorImpl.java:43)
	at java.lang.reflect.Method.invoke(Method.java:498)
	at org.apache.hadoop.util.RunJar.run(RunJar.java:234)
	at org.apache.hadoop.util.RunJar.main(RunJar.java:148)
Caused by: java.lang.RuntimeException: Can not retrieve schema from loader org.apache.pig.builtin.JsonLoader@571a01f9
	at org.apache.pig.newplan.logical.relational.LOLoad.<init>(LOLoad.java:91)
	at org.apache.pig.parser.LogicalPlanBuilder.buildLoadOp(LogicalPlanBuilder.java:901)
	at org.apache.pig.parser.LogicalPlanGenerator.load_clause(LogicalPlanGenerator.java:3568)
	at org.apache.pig.parser.LogicalPlanGenerator.op_clause(LogicalPlanGenerator.java:1625)
	at org.apache.pig.parser.LogicalPlanGenerator.general_statement(LogicalPlanGenerator.java:1102)
	at org.apache.pig.parser.LogicalPlanGenerator.statement(LogicalPlanGenerator.java:560)
	at org.apache.pig.parser.LogicalPlanGenerator.query(LogicalPlanGenerator.java:421)
	at org.apache.pig.parser.QueryParserDriver.parse(QueryParserDriver.java:191)
	... 16 more
Caused by: org.apache.pig.impl.logicalLayer.FrontendException: ERROR 2245: Cannot get schema from loadFunc org.apache.pig.builtin.JsonLoader
	at org.apache.pig.newplan.logical.relational.LOLoad.getSchemaFromMetaData(LOLoad.java:179)
	at org.apache.pig.newplan.logical.relational.LOLoad.<init>(LOLoad.java:89)
	... 23 more
Caused by: org.apache.pig.impl.logicalLayer.FrontendException: ERROR 1131: Could not find schema file for /examples/categories.json
	at org.apache.pig.builtin.JsonMetadata.nullOrException(JsonMetadata.java:223)
	at org.apache.pig.builtin.JsonMetadata.getSchema(JsonMetadata.java:201)
	at org.apache.pig.builtin.JsonLoader.getSchema(JsonLoader.java:348)
	at org.apache.pig.newplan.logical.relational.LOLoad.getSchemaFromMetaData(LOLoad.java:175)
	... 24 more
================================================================================
