Pig Stack Trace
---------------
ERROR 1003: Unable to find an operator for alias c1

org.apache.pig.impl.logicalLayer.FrontendException: ERROR 1003: Unable to find an operator for alias c1
	at org.apache.pig.PigServer$Graph.buildPlan(PigServer.java:1628)
	at org.apache.pig.PigServer.storeEx(PigServer.java:1113)
	at org.apache.pig.PigServer.store(PigServer.java:1081)
	at org.apache.pig.PigServer.openIterator(PigServer.java:994)
	at org.apache.pig.tools.grunt.GruntParser.processDump(GruntParser.java:747)
	at org.apache.pig.tools.pigscript.parser.PigScriptParser.parse(PigScriptParser.java:376)
	at org.apache.pig.tools.grunt.GruntParser.parseStopOnError(GruntParser.java:231)
	at org.apache.pig.tools.grunt.GruntParser.parseStopOnError(GruntParser.java:206)
	at org.apache.pig.tools.grunt.Grunt.run(Grunt.java:66)
	at org.apache.pig.Main.run(Main.java:564)
	at org.apache.pig.Main.main(Main.java:176)
	at sun.reflect.NativeMethodAccessorImpl.invoke0(Native Method)
	at sun.reflect.NativeMethodAccessorImpl.invoke(NativeMethodAccessorImpl.java:62)
	at sun.reflect.DelegatingMethodAccessorImpl.invoke(DelegatingMethodAccessorImpl.java:43)
	at java.lang.reflect.Method.invoke(Method.java:498)
	at org.apache.hadoop.util.RunJar.run(RunJar.java:234)
	at org.apache.hadoop.util.RunJar.main(RunJar.java:148)
================================================================================
